<?xml version="1.0" encoding="UTF-8"?>
<testng-results skipped="0" failed="0" ignored="0" total="1" passed="1">
  <reporter-output>
  </reporter-output>
  <suite name="Default suite" duration-ms="4032" started-at="2022-05-28T16:35:04Z" finished-at="2022-05-28T16:35:08Z">
    <groups>
    </groups>
    <test name="Default test" duration-ms="4032" started-at="2022-05-28T16:35:04Z" finished-at="2022-05-28T16:35:08Z">
      <class name="dasboard.CrearPerfil">
        <test-method status="PASS" signature="startWebDriber()[pri:0, instance:dasboard.CrearPerfil@5cdec700]" name="startWebDriber" is-config="true" duration-ms="1159" started-at="2022-05-28T11:35:04Z" finished-at="2022-05-28T11:35:06Z">
          <reporter-output>
          </reporter-output>
        </test-method> <!-- startWebDriber -->
        <test-method status="PASS" signature="TC_02()[pri:0, instance:dasboard.CrearPerfil@5cdec700]" name="TC_02" duration-ms="2855" started-at="2022-05-28T11:35:06Z" finished-at="2022-05-28T11:35:08Z">
          <reporter-output>
          </reporter-output>
        </test-method> <!-- TC_02 -->
      </class> <!-- dasboard.CrearPerfil -->
    </test> <!-- Default test -->
  </suite> <!-- Default suite -->
</testng-results>
