<?xml version="1.0" encoding="UTF-8"?>
<testng-results ignored="0" total="1" passed="1" failed="0" skipped="0">
  <reporter-output>
  </reporter-output>
  <suite started-at="2022-02-27T10:10:12Z" name="Default suite" finished-at="2022-02-27T10:10:19Z" duration-ms="7593">
    <groups>
    </groups>
    <test started-at="2022-02-27T10:10:12Z" name="Default test" finished-at="2022-02-27T10:10:19Z" duration-ms="7593">
      <class name="test.TestPrub">
        <test-method signature="f()[pri:0, instance:test.TestPrub@3527942a]" started-at="2022-02-27T04:10:12Z" name="f" finished-at="2022-02-27T04:10:19Z" duration-ms="7554" status="PASS">
          <reporter-output>
          </reporter-output>
        </test-method> <!-- f -->
      </class> <!-- test.TestPrub -->
    </test> <!-- Default test -->
  </suite> <!-- Default suite -->
</testng-results>
